# JRE version: OpenJDK Runtime Environment Corretto-16.0.2.7.1 (16.0.2+7) (build 16.0.2+7)
# Java VM: OpenJDK 64-Bit Server VM Corretto-16.0.2.7.1 (16.0.2+7, mixed mode, sharing, tiered, compressed oops, compressed class ptrs, g1 gc, windows-amd64)
GC Precious Log:
 CPUs: 4 total, 4 available
 Memory: 16344M
 Large Page Support: Disabled
 NUMA Support: Disabled
 Compressed Oops: Enabled (Zero based)
 Heap Region Size: 2M
 Heap Min Capacity: 8M
 Heap Initial Capacity: 256M
 Heap Max Capacity: 4088M
 Pre-touch: Disabled
 Parallel Workers: 4
 Concurrent Workers: 1
 Concurrent Refinement Workers: 4
 Periodic GC: Disabled
Heap:
 garbage-first heap   total 55296K, used 21571K [0x0000000700800000, 0x0000000800000000)
  region size 2048K, 6 young (12288K), 1 survivors (2048K)
 Metaspace       used 24947K, committed 25152K, reserved 1073152K
  class space    used 2860K, committed 2944K, reserved 1048576K
GC Heap History (10 events):
Event: 3.584 GC heap before
{Heap before GC invocations=0 (full 0):
 garbage-first heap   total 262144K, used 12288K [0x0000000700800000, 0x0000000800000000)
  region size 2048K, 6 young (12288K), 0 survivors (0K)
 Metaspace       used 2722K, committed 2944K, reserved 1056768K
  class space    used 244K, committed 320K, reserved 1048576K
}
Event: 3.633 GC heap after
{Heap after GC invocations=1 (full 0):
 garbage-first heap   total 262144K, used 2804K [0x0000000700800000, 0x0000000800000000)
  region size 2048K, 1 young (2048K), 1 survivors (2048K)
 Metaspace       used 2722K, committed 2944K, reserved 1056768K
  class space    used 244K, committed 320K, reserved 1048576K
}
Event: 6.277 GC heap before
{Heap before GC invocations=1 (full 0):
 garbage-first heap   total 262144K, used 17140K [0x0000000700800000, 0x0000000800000000)
  region size 2048K, 8 young (16384K), 1 survivors (2048K)
 Metaspace       used 5798K, committed 5952K, reserved 1056768K
  class space    used 655K, committed 768K, reserved 1048576K
}
Event: 6.281 GC heap after
{Heap after GC invocations=2 (full 0):
 garbage-first heap   total 262144K, used 3735K [0x0000000700800000, 0x0000000800000000)
  region size 2048K, 1 young (2048K), 1 survivors (2048K)
 Metaspace       used 5798K, committed 5952K, reserved 1056768K
  class space    used 655K, committed 768K, reserved 1048576K
}
Event: 11.115 GC heap before
{Heap before GC invocations=2 (full 0):
 garbage-first heap   total 262144K, used 75415K [0x0000000700800000, 0x0000000800000000)
  region size 2048K, 36 young (73728K), 1 survivors (2048K)
 Metaspace       used 15680K, committed 15872K, reserved 1064960K
  class space    used 1827K, committed 1920K, reserved 1048576K
}
Event: 11.123 GC heap after
{Heap after GC invocations=3 (full 0):
 garbage-first heap   total 262144K, used 7854K [0x0000000700800000, 0x0000000800000000)
  region size 2048K, 3 young (6144K), 3 survivors (6144K)
 Metaspace       used 15680K, committed 15872K, reserved 1064960K
  class space    used 1827K, committed 1920K, reserved 1048576K
}
Event: 13.270 GC heap before
{Heap before GC invocations=3 (full 0):
 garbage-first heap   total 262144K, used 36526K [0x0000000700800000, 0x0000000800000000)
  region size 2048K, 18 young (36864K), 3 survivors (6144K)
 Metaspace       used 21048K, committed 21248K, reserved 1073152K
  class space    used 2418K, committed 2560K, reserved 1048576K
}
Event: 13.278 GC heap after
{Heap after GC invocations=4 (full 0):
 garbage-first heap   total 262144K, used 11789K [0x0000000700800000, 0x0000000800000000)
  region size 2048K, 5 young (10240K), 5 survivors (10240K)
 Metaspace       used 21048K, committed 21248K, reserved 1073152K
  class space    used 2418K, committed 2560K, reserved 1048576K
}
Event: 15.829 GC heap before
{Heap before GC invocations=5 (full 0):
 garbage-first heap   total 55296K, used 34317K [0x0000000700800000, 0x0000000800000000)
  region size 2048K, 16 young (32768K), 5 survivors (10240K)
 Metaspace       used 24245K, committed 24512K, reserved 1073152K
  class space    used 2770K, committed 2880K, reserved 1048576K
}
Event: 15.840 GC heap after
{Heap after GC invocations=6 (full 0):
 garbage-first heap   total 55296K, used 13379K [0x0000000700800000, 0x0000000800000000)
  region size 2048K, 1 young (2048K), 1 survivors (2048K)
 Metaspace       used 24245K, committed 24512K, reserved 1073152K
  class space    used 2770K, committed 2880K, reserved 1048576K
}

